<?xml version="1.0" encoding="UTF-8"?>
<testng-results ignored="0" total="1" passed="1" failed="0" skipped="0">
  <reporter-output>
  </reporter-output>
  <suite started-at="2022-08-16T10:38:26 IST" name="Suite" finished-at="2022-08-16T10:38:26 IST" duration-ms="105">
    <groups>
    </groups>
    <test started-at="2022-08-16T10:38:26 IST" name="add" finished-at="2022-08-16T10:38:26 IST" duration-ms="105">
      <class name="Com.Automation.Test.Sum">
        <test-method signature="add(int,int)[pri:0, instance:Com.Automation.Test.Sum@649bec2e]" started-at="2022-08-16T10:38:26 IST" name="add" finished-at="2022-08-16T10:38:26 IST" duration-ms="18" status="PASS">
          <params>
            <param index="0">
              <value>
                <![CDATA[10]]>
              </value>
            </param>
            <param index="1">
              <value>
                <![CDATA[10]]>
              </value>
            </param>
          </params>
          <reporter-output>
          </reporter-output>
        </test-method> <!-- add -->
      </class> <!-- Com.Automation.Test.Sum -->
    </test> <!-- add -->
  </suite> <!-- Suite -->
</testng-results>
